<?xml version="1.0" encoding="UTF-8"?>
<testsuite name="org.example.MainTest" tests="1" skipped="0" failures="0" errors="0" timestamp="2023-03-07T21:10:08" hostname="ashish" time="0.002">
  <properties/>
  <testcase name="printMainMenu()" classname="org.example.MainTest" time="0.002"/>
  <system-out><![CDATA[┌─────────────────────┐
│     LOGIN ROLE      │
├──────────┬──────────┤
│ Login as │   role   │
├──────────┼──────────┤
│ Student  │ student  │
├──────────┼──────────┤
│Instructor│ faculty  │
├──────────┼──────────┤
│  Admin   │  office  │
└──────────┴──────────┘
]]></system-out>
  <system-err><![CDATA[]]></system-err>
</testsuite>
