<?xml version="1.0" encoding="UTF-8"?>
<testsuite name="org.example.StudentTest" tests="9" skipped="0" failures="0" errors="0" timestamp="2023-03-07T11:19:36" hostname="ashish" time="0.712">
  <properties/>
  <testcase name="satisfyRequiredSem()" classname="org.example.StudentTest" time="0.021"/>
  <testcase name="logOut()" classname="org.example.StudentTest" time="0.001"/>
  <testcase name="registerCourse()" classname="org.example.StudentTest" time="0.002"/>
  <testcase name="satisfyCreditLimitCUMUpdate()" classname="org.example.StudentTest" time="0.001"/>
  <testcase name="viewCourseOffering()" classname="org.example.StudentTest" time="0.179"/>
  <testcase name="printMainMenu()" classname="org.example.StudentTest" time="0.011"/>
  <testcase name="deRegisterCourse()" classname="org.example.StudentTest" time="0.001"/>
  <testcase name="findCreditLimit()" classname="org.example.StudentTest" time="0.001"/>
  <testcase name="satisfyPrerequisite()" classname="org.example.StudentTest" time="0.001"/>
  <system-out><![CDATA[┌┬┬┬┬┬┬┬┬┬┬┬┬┬┬┬┬┬┬┬┬┬┬┬┬┬┬┬┬┬┬┬┬┬┬┬┬┬┬┬┬┬┬┬┬┬┬┬┐
├┴┴┴┴┴┴┴┴┴┴┴┴┴┴┴┴┴┴┴┴┼┴┴┴┴┴┴┴┴┴┼┴┴┴┴┴┴┴┼┴┴┴┴┴┴┴┴┤
│instructor_id       │course_id│dept_id│min_cgpa│
├┬┬┬┬┬┬┬┬┬┬┬┬┬┬┬┬┬┬┬┬┼┬┬┬┬┬┬┬┬┬┼┬┬┬┬┬┬┬┼┬┬┬┬┬┬┬┬┤
├┴┴┴┴┴┴┴┴┴┴┴┴┴┴┴┴┴┴┴┴┼┴┴┴┴┴┴┴┴┴┼┴┴┴┴┴┴┴┼┴┴┴┴┴┴┴┴┤
│apurva@iitrpr.ac.in │CS101    │CSE    │7.75    │
├────────────────────┼─────────┼───────┼────────┤
│apurva@iitrpr.ac.in │GE103    │GE     │7.00    │
├────────────────────┼─────────┼───────┼────────┤
│gunturi@iitrpr.ac.in│DM101    │DM     │7.00    │
└────────────────────┴─────────┴───────┴────────┘
┌──────────────────────────────────────┐
│              MAIN MENU               │
├─────────────────────────┬────────────┤
│         Options         │Enter Choice│
├─────────────────────────┼────────────┤
│     Change Profile      │     1      │
├─────────────────────────┼────────────┤
│     See Your Grades     │     2      │
├─────────────────────────┼────────────┤
│ Calculate CGPA till now │     3      │
├─────────────────────────┼────────────┤
│  See Course Catalogue   │     4      │
├─────────────────────────┼────────────┤
│     Enroll a Course     │     5      │
├─────────────────────────┼────────────┤
│   View Current Event    │     6      │
├─────────────────────────┼────────────┤
│  Check for Graduation   │     7      │
├─────────────────────────┼────────────┤
│De Registration of Course│     8      │
├─────────────────────────┼────────────┤
│       View Event        │     9      │
└─────────────────────────┴────────────┘
]]></system-out>
  <system-err><![CDATA[]]></system-err>
</testsuite>
